<?xml version="1.0" encoding="UTF-8"?>
<!-- Generated by org.testng.reporters.JUnitReportReporter -->
<testsuite hostname="DESKTOP-MNMKUGD" failures="0" tests="2" name="OmayoSample.InterviewQuestions" time="9.175" errors="0" timestamp="2021-10-04T15:30:25 EDT" skipped="0">
  <testcase classname="OmayoSample.InterviewQuestions" name="FetchCurrentURL" time="5.744"/>
  <system-out/>
  <testcase classname="OmayoSample.InterviewQuestions" name="DriverMaximize" time="3.431"/>
  <system-out/>
</testsuite> <!-- OmayoSample.InterviewQuestions -->
