<?xml version="1.0" encoding="UTF-8"?>
<!-- Generated by org.testng.reporters.JUnitReportReporter -->
<testsuite hostname="DESKTOP-MNMKUGD" failures="0" tests="1" name="OmayoSample.Sample" time="13.168" errors="0" timestamp="2021-10-02T12:10:24 EDT" skipped="0">
  <testcase classname="OmayoSample.Sample" name="GetCurrentURL" time="13.168"/>
  <system-out/>
</testsuite> <!-- OmayoSample.Sample -->
