<?xml version="1.0" encoding="UTF-8"?>
<!-- Generated by org.testng.reporters.JUnitReportReporter -->
<testsuite hostname="DESKTOP-MNMKUGD" failures="0" tests="1" name="OmayoSample.OpenInNewTabTest" time="6.937" errors="0" timestamp="2021-10-08T16:48:07 EDT" skipped="0">
  <testcase classname="OmayoSample.OpenInNewTabTest" name="NewTab" time="6.937"/>
  <system-out/>
</testsuite> <!-- OmayoSample.OpenInNewTabTest -->
